#
# There is insufficient memory for the Java Runtime Environment to continue.
# Native memory allocation (malloc) failed to allocate 647600 bytes for Chunk::new
# Possible reasons:
#   The system is out of physical RAM or swap space
#   In 32 bit mode, the process size limit was hit
# Possible solutions:
#   Reduce memory load on the system
#   Increase physical memory or swap space
#   Check if swap backing store is full
#   Use 64 bit Java on a 64 bit OS
#   Decrease Java heap size (-Xmx/-Xms)
#   Decrease number of Java threads
#   Decrease Java thread stack sizes (-Xss)
#   Set larger code cache with -XX:ReservedCodeCacheSize=
# This output file may be truncated or incomplete.
#
#  Out of Memory Error (allocation.cpp:390), pid=14020, tid=0x0000000000002b54
#
# JRE version: Java(TM) SE Runtime Environment (8.0_111-b14) (build 1.8.0_111-b14)
# Java VM: Java HotSpot(TM) 64-Bit Server VM (25.111-b14 mixed mode windows-amd64 compressed oops)
# Failed to write core dump. Minidumps are not enabled by default on client versions of Windows
#

---------------  T H R E A D  ---------------

Current thread (0x000000001451e000):  JavaThread "C2 CompilerThread0" daemon [_thread_in_native, id=11092, stack(0x0000000015b70000,0x0000000015c70000)]

Stack: [0x0000000015b70000,0x0000000015c70000]
[error occurred during error reporting (printing stack bounds), id 0xc0000005]

Native frames: (J=compiled Java code, j=interpreted, Vv=VM code, C=native code)


Current CompileTask:
C2:  23272 1453       4       com.android.dx.ssa.SCCP::simulateBlock (54 bytes)


---------------  P R O C E S S  ---------------

Java Threads: ( => current thread )
  0x00000000160aa800 JavaThread "pool-1-thread-4" [_thread_blocked, id=13148, stack(0x0000000016870000,0x0000000016970000)]
  0x00000000160a8800 JavaThread "pool-1-thread-3" [_thread_blocked, id=10068, stack(0x0000000016770000,0x0000000016870000)]
  0x0000000015fc7000 JavaThread "pool-1-thread-2" [_thread_blocked, id=10316, stack(0x0000000016670000,0x0000000016770000)]
  0x0000000015fbc000 JavaThread "pool-2-thread-1" [_thread_blocked, id=11820, stack(0x0000000016570000,0x0000000016670000)]
  0x0000000015fc4000 JavaThread "pool-1-thread-1" [_thread_blocked, id=9056, stack(0x0000000016470000,0x0000000016570000)]
  0x0000000015e70800 JavaThread "Service Thread" daemon [_thread_blocked, id=2444, stack(0x0000000016270000,0x0000000016370000)]
  0x000000001457c800 JavaThread "C1 CompilerThread2" daemon [_thread_blocked, id=13944, stack(0x0000000015d70000,0x0000000015e70000)]
  0x0000000014579800 JavaThread "C2 CompilerThread1" daemon [_thread_blocked, id=11380, stack(0x0000000015c70000,0x0000000015d70000)]
=>0x000000001451e000 JavaThread "C2 CompilerThread0" daemon [_thread_in_native, id=11092, stack(0x0000000015b70000,0x0000000015c70000)]
  0x000000001451c000 JavaThread "Attach Listener" daemon [_thread_blocked, id=11940, stack(0x0000000015a70000,0x0000000015b70000)]
  0x000000001451b000 JavaThread "Signal Dispatcher" daemon [_thread_blocked, id=2148, stack(0x0000000015970000,0x0000000015a70000)]
  0x000000001450a800 JavaThread "Finalizer" daemon [_thread_blocked, id=2828, stack(0x0000000015780000,0x0000000015880000)]
  0x00000000031a0800 JavaThread "Reference Handler" daemon [_thread_blocked, id=11480, stack(0x0000000015680000,0x0000000015780000)]
  0x0000000002eee800 JavaThread "main" [_thread_in_native, id=12088, stack(0x0000000002fb0000,0x00000000030b0000)]

Other Threads:
  0x00000000144e8800 VMThread [stack: 0x0000000015580000,0x0000000015680000] [id=11760]
  0x0000000015e78000 WatcherThread [stack: 0x0000000016370000,0x0000000016470000] [id=12728]

VM state:not at safepoint (normal execution)

VM Mutex/Monitor currently owned by a thread: None

Heap:
 PSYoungGen      total 37888K, used 16531K [0x00000000f5580000, 0x00000000f9f80000, 0x0000000100000000)
  eden space 32768K, 34% used [0x00000000f5580000,0x00000000f60ab5b0,0x00000000f7580000)
  from space 5120K, 99% used [0x00000000f7580000,0x00000000f7a79940,0x00000000f7a80000)
  to   space 5120K, 0% used [0x00000000f9a80000,0x00000000f9a80000,0x00000000f9f80000)
 ParOldGen       total 86016K, used 2099K [0x00000000e0000000, 0x00000000e5400000, 0x00000000f5580000)
  object space 86016K, 2% used [0x00000000e0000000,0x00000000e020cf38,0x00000000e5400000)
 Metaspace       used 6067K, capacity 7030K, committed 7296K, reserved 1056768K
  class space    used 604K, capacity 622K, committed 640K, reserved 1048576K

Card table byte_map: [0x0000000012570000,0x0000000012680000] byte_map_base: 0x0000000011e70000

Marking Bits: (ParMarkBitMap*) 0x000000006395a6c0
 Begin Bits: [0x0000000012a80000, 0x0000000013280000)
 End Bits:   [0x0000000013280000, 0x0000000013a80000)

Polling page: 0x0000000001360000

CodeCache: size=245760Kb used=6322Kb max_used=6334Kb free=239437Kb
 bounds [0x00000000031b0000, 0x00000000037f0000, 0x00000000121b0000]
 total_blobs=1718 nmethods=1457 adapters=175
 compilation: enabled

Compilation events (10 events):
Event: 22.822 Thread 0x0000000014579800 1454       4       java.util.ArrayList$SubList::removeRange (47 bytes)
Event: 22.827 Thread 0x0000000014579800 nmethod 1454 0x00000000037b1090 code [0x00000000037b11e0, 0x00000000037b1458]
Event: 22.827 Thread 0x0000000014579800 1455       4       java.util.ArrayList::removeRange (75 bytes)
Event: 22.831 Thread 0x0000000014579800 nmethod 1455 0x00000000037b0cd0 code [0x00000000037b0e20, 0x00000000037b0f98]
Event: 22.832 Thread 0x0000000014579800 1456       4       com.android.dx.ssa.SsaBasicBlock::scheduleMovesFromPhis (108 bytes)
Event: 22.833 Thread 0x0000000014579800 nmethod 1456 0x00000000037d7810 code [0x00000000037d7940, 0x00000000037d79f8]
Event: 22.836 Thread 0x0000000014579800 1457       4       com.android.dx.ssa.SsaMethod::getUseListCopy (56 bytes)
Event: 22.848 Thread 0x0000000014579800 nmethod 1457 0x00000000037dd310 code [0x00000000037dd480, 0x00000000037dda08]
Event: 22.849 Thread 0x0000000014579800 1458       4       com.android.dx.util.IntList::mutableCopy (39 bytes)
Event: 22.861 Thread 0x0000000014579800 nmethod 1458 0x00000000037dc890 code [0x00000000037dca00, 0x00000000037dcf78]

GC Heap History (2 events):
Event: 11.242 GC heap before
{Heap before GC invocations=1 (full 0):
 PSYoungGen      total 37888K, used 32768K [0x00000000f5580000, 0x00000000f7f80000, 0x0000000100000000)
  eden space 32768K, 100% used [0x00000000f5580000,0x00000000f7580000,0x00000000f7580000)
  from space 5120K, 0% used [0x00000000f7a80000,0x00000000f7a80000,0x00000000f7f80000)
  to   space 5120K, 0% used [0x00000000f7580000,0x00000000f7580000,0x00000000f7a80000)
 ParOldGen       total 86016K, used 0K [0x00000000e0000000, 0x00000000e5400000, 0x00000000f5580000)
  object space 86016K, 0% used [0x00000000e0000000,0x00000000e0000000,0x00000000e5400000)
 Metaspace       used 5976K, capacity 6966K, committed 7040K, reserved 1056768K
  class space    used 603K, capacity 622K, committed 640K, reserved 1048576K
Event: 11.402 GC heap after
Heap after GC invocations=1 (full 0):
 PSYoungGen      total 37888K, used 5094K [0x00000000f5580000, 0x00000000f9f80000, 0x0000000100000000)
  eden space 32768K, 0% used [0x00000000f5580000,0x00000000f5580000,0x00000000f7580000)
  from space 5120K, 99% used [0x00000000f7580000,0x00000000f7a79940,0x00000000f7a80000)
  to   space 5120K, 0% used [0x00000000f9a80000,0x00000000f9a80000,0x00000000f9f80000)
 ParOldGen       total 86016K, used 2099K [0x00000000e0000000, 0x00000000e5400000, 0x00000000f5580000)
  object space 86016K, 2% used [0x00000000e0000000,0x00000000e020cf38,0x00000000e5400000)
 Metaspace       used 5976K, capacity 6966K, committed 7040K, reserved 1056768K
  class space    used 603K, capacity 622K, committed 640K, reserved 1048576K
}

Deoptimization events (10 events):
Event: 5.499 Thread 0x0000000002eee800 Uncommon trap: reason=unstable_if action=reinterpret pc=0x00000000033a50f8 method=java.lang.String.<init>([CII)V @ 18
Event: 5.692 Thread 0x0000000002eee800 Uncommon trap: reason=unstable_if action=reinterpret pc=0x000000000343e538 method=com.android.dx.rop.cst.StdConstantPool.set(ILcom/android/dx/rop/cst/Constant;)V @ 12
Event: 5.704 Thread 0x00000000160a8800 Uncommon trap: reason=class_check action=maybe_recompile pc=0x0000000003519ee0 method=com.android.dx.rop.type.Type.equals(Ljava/lang/Object;)Z @ 8
Event: 5.813 Thread 0x0000000015fc7000 Uncommon trap: reason=uninitialized action=reinterpret pc=0x0000000003633634 method=com.android.dx.cf.code.BytecodeArray.parseInstruction(ILcom/android/dx/cf/code/BytecodeArray$Visitor;)I @ 1015
Event: 5.813 Thread 0x0000000015fc7000 Uncommon trap: reason=class_check action=maybe_recompile pc=0x0000000003519ee0 method=com.android.dx.rop.type.Type.equals(Ljava/lang/Object;)Z @ 8
Event: 5.964 Thread 0x00000000160aa800 Uncommon trap: reason=unstable_if action=reinterpret pc=0x0000000003603878 method=com.android.dx.cf.code.Ropper.labelToResultIndex(I)I @ 34
Event: 5.965 Thread 0x00000000160aa800 Uncommon trap: reason=class_check action=maybe_recompile pc=0x0000000003519ee0 method=com.android.dx.rop.type.Type.equals(Ljava/lang/Object;)Z @ 8
Event: 5.966 Thread 0x00000000160aa800 Uncommon trap: reason=class_check action=maybe_recompile pc=0x0000000003519ee0 method=com.android.dx.rop.type.Type.equals(Ljava/lang/Object;)Z @ 8
Event: 12.118 Thread 0x00000000160a8800 Uncommon trap: reason=unstable_if action=reinterpret pc=0x000000000370ff24 method=com.android.dx.util.IntList.sort()V @ 8
Event: 22.602 Thread 0x00000000160aa800 Uncommon trap: reason=unstable_if action=reinterpret pc=0x000000000373d098 method=com.android.dx.ssa.SCCP.simulateBranch(Lcom/android/dx/ssa/SsaInsn;)V @ 64

Internal exceptions (2 events):
Event: 0.202 Thread 0x0000000002eee800 Exception <a 'java/lang/NoSuchMethodError': Method sun.misc.Unsafe.defineClass(Ljava/lang/String;[BII)Ljava/lang/Class; name or signature does not match> (0x00000000f5587c78) thrown at [C:\re\workspace\8-2-build-windows-amd64-cygwin\jdk8u111\7883\hotspot\
Event: 0.202 Thread 0x0000000002eee800 Exception <a 'java/lang/NoSuchMethodError': Method sun.misc.Unsafe.prefetchRead(Ljava/lang/Object;J)V name or signature does not match> (0x00000000f5587f60) thrown at [C:\re\workspace\8-2-build-windows-amd64-cygwin\jdk8u111\7883\hotspot\src\share\vm\prims

Events (10 events):
Event: 12.118 Thread 0x00000000160a8800 DEOPT UNPACKING pc=0x00000000031f582a sp=0x000000001686e960 mode 2
Event: 12.118 loading class java/util/DualPivotQuicksort
Event: 12.118 loading class java/util/DualPivotQuicksort done
Event: 12.989 Thread 0x00000000160a8800 DEOPT PACKING pc=0x000000000353c2ed sp=0x000000001686e960
Event: 12.989 Thread 0x00000000160a8800 DEOPT UNPACKING pc=0x00000000031f747f sp=0x000000001686e6f8 mode 0
Event: 20.871 Thread 0x0000000015fc7000 DEOPT PACKING pc=0x000000000353c2ed sp=0x000000001676ecc0
Event: 20.871 Thread 0x0000000015fc7000 DEOPT UNPACKING pc=0x00000000031f747f sp=0x000000001676ea58 mode 0
Event: 22.602 Thread 0x00000000160aa800 Uncommon trap: trap_request=0xffffff65 fr.pc=0x000000000373d098
Event: 22.602 Thread 0x00000000160aa800 DEOPT PACKING pc=0x000000000373d098 sp=0x000000001696e4b0
Event: 22.602 Thread 0x00000000160aa800 DEOPT UNPACKING pc=0x00000000031f582a sp=0x000000001696e410 mode 2


Dynamic libraries:
0x00007ff7fcfa0000 - 0x00007ff7fcfd7000 	C:\Program Files\Java\jdk1.8.0_111\bin\java.exe
0x00007ffa9c530000 - 0x00007ffa9c70b000 	C:\WINDOWS\SYSTEM32\ntdll.dll
0x00007ffa9a6b0000 - 0x00007ffa9a75e000 	C:\WINDOWS\System32\KERNEL32.DLL
0x00007ffa98f90000 - 0x00007ffa991d9000 	C:\WINDOWS\System32\KERNELBASE.dll
0x00007ffa9a760000 - 0x00007ffa9a801000 	C:\WINDOWS\System32\ADVAPI32.dll
0x00007ffa9aa00000 - 0x00007ffa9aa9d000 	C:\WINDOWS\System32\msvcrt.dll
0x00007ffa9a1b0000 - 0x00007ffa9a209000 	C:\WINDOWS\System32\sechost.dll
0x00007ffa9a8d0000 - 0x00007ffa9a9f5000 	C:\WINDOWS\System32\RPCRT4.dll
0x00007ffa9a4c0000 - 0x00007ffa9a60a000 	C:\WINDOWS\System32\USER32.dll
0x00007ffa98ce0000 - 0x00007ffa98cfe000 	C:\WINDOWS\System32\win32u.dll
0x00007ffa9a810000 - 0x00007ffa9a837000 	C:\WINDOWS\System32\GDI32.dll
0x00007ffa98d60000 - 0x00007ffa98ee8000 	C:\WINDOWS\System32\gdi32full.dll
0x00007ffa98ef0000 - 0x00007ffa98f8a000 	C:\WINDOWS\System32\msvcp_win.dll
0x00007ffa99990000 - 0x00007ffa99a86000 	C:\WINDOWS\System32\ucrtbase.dll
0x00007ffa8e310000 - 0x00007ffa8e577000 	C:\WINDOWS\WinSxS\amd64_microsoft.windows.common-controls_6595b64144ccf1df_6.0.15063.483_none_26002d27e7c744a2\COMCTL32.dll
0x00007ffa9aaa0000 - 0x00007ffa9ad99000 	C:\WINDOWS\System32\combase.dll
0x00007ffa98c70000 - 0x00007ffa98cda000 	C:\WINDOWS\System32\bcryptPrimitives.dll
0x00007ffa99a90000 - 0x00007ffa99abd000 	C:\WINDOWS\System32\IMM32.DLL
0x00000000639e0000 - 0x0000000063ab2000 	C:\Program Files\Java\jdk1.8.0_111\jre\bin\msvcr100.dll
0x0000000063140000 - 0x00000000639da000 	C:\Program Files\Java\jdk1.8.0_111\jre\bin\server\jvm.dll
0x00007ffa9a840000 - 0x00007ffa9a848000 	C:\WINDOWS\System32\PSAPI.DLL
0x00007ffa8bd90000 - 0x00007ffa8bd99000 	C:\WINDOWS\SYSTEM32\WSOCK32.dll
0x00007ffa9a070000 - 0x00007ffa9a0dc000 	C:\WINDOWS\System32\WS2_32.dll
0x00007ffa8ebd0000 - 0x00007ffa8ebf3000 	C:\WINDOWS\SYSTEM32\WINMM.dll
0x00007ffa8ebc0000 - 0x00007ffa8ebca000 	C:\WINDOWS\SYSTEM32\VERSION.dll
0x00007ffa8eb70000 - 0x00007ffa8eb9b000 	C:\WINDOWS\SYSTEM32\WINMMBASE.dll
0x00007ffa98c20000 - 0x00007ffa98c69000 	C:\WINDOWS\System32\cfgmgr32.dll
0x0000000063130000 - 0x000000006313f000 	C:\Program Files\Java\jdk1.8.0_111\jre\bin\verify.dll
0x0000000063100000 - 0x0000000063129000 	C:\Program Files\Java\jdk1.8.0_111\jre\bin\java.dll
0x00000000630e0000 - 0x00000000630f6000 	C:\Program Files\Java\jdk1.8.0_111\jre\bin\zip.dll
0x00007ffa9ae00000 - 0x00007ffa9c237000 	C:\WINDOWS\System32\SHELL32.dll
0x00007ffa9a410000 - 0x00007ffa9a4ba000 	C:\WINDOWS\System32\shcore.dll
0x00007ffa99290000 - 0x00007ffa99983000 	C:\WINDOWS\System32\windows.storage.dll
0x00007ffa99ac0000 - 0x00007ffa99b11000 	C:\WINDOWS\System32\shlwapi.dll
0x00007ffa989a0000 - 0x00007ffa989b1000 	C:\WINDOWS\System32\kernel.appcore.dll
0x00007ffa989e0000 - 0x00007ffa98a2c000 	C:\WINDOWS\System32\powrprof.dll
0x00007ffa989c0000 - 0x00007ffa989d5000 	C:\WINDOWS\System32\profapi.dll

VM Arguments:
jvm_args: -Djava.awt.headless=true -Xmx1024M -Dfile.encoding=windows-1252 -Duser.country=US -Duser.language=en -Duser.variant -Xmx512M 
java_command: com.android.dx.command.Main --dex --num-threads=4 --output G:\projetEvaluation\codepath-android-project-4-extended-twitter-client-master\app\build\intermediates\pre-dexed\debug\debug_875543a4478612b49d6ea716d60c5ce96bd52c41.jar G:\projetEvaluation\codepath-android-project-4-extended-twitter-client-master\app\build\intermediates\classes\debug
java_class_path (initial): C:\Users\domin\AppData\Local\Android\sdk\build-tools\25.0.0\lib\dx.jar
Launcher Type: SUN_STANDARD

Environment Variables:
_JAVA_OPTIONS=-Xmx512M
CLASSPATH=.;C:\Program Files (x86)\QuickTime\QTSystem\QTJava.zip
PATH=C:\ProgramData\Oracle\Java\javapath;C:\WINDOWS\system32;C:\WINDOWS;C:\WINDOWS\System32\Wbem;C:\WINDOWS\System32\WindowsPowerShell\v1.0\;C:\Program Files (x86)\QuickTime\QTSystem\;C:\Program Files (x86)\Windows Kits\8.1\Windows Performance Toolkit\;C:\Program Files\Microsoft SQL Server\110\Tools\Binn\;C:\Program Files\Microsoft SQL Server\120\DTS\Binn\;C:\Program Files\Microsoft SQL Server\Client SDK\ODBC\110\Tools\Binn\;C:\Program Files (x86)\Microsoft SQL Server\120\Tools\Binn\;C:\Program Files\Microsoft SQL Server\120\Tools\Binn\;C:\Program Files (x86)\Microsoft SQL Server\120\Tools\Binn\ManagementStudio\;C:\Program Files (x86)\Microsoft SQL Server\120\DTS\Binn\;C:\android-sdk-windows\;C:\Program Files (x86)\Skype\Phone\;C:\Program Files (x86)\Calibre2\;C:\Program Files (x86)\Windows Live\Shared;C:\Program Files (x86)\GtkSharp\2.12\bin;C:\Program Files\Git\cmd;C:\Users\domin\AppData\Local\Microsoft\WindowsApps;
USERNAME=domin
OS=Windows_NT
PROCESSOR_IDENTIFIER=Intel64 Family 6 Model 37 Stepping 5, GenuineIntel



---------------  S Y S T E M  ---------------

OS: Windows 10.0 , 64 bit Build 15063 (10.0.15063.296)

CPU:total 4 (2 cores per cpu, 2 threads per core) family 6 model 37 stepping 5, cmov, cx8, fxsr, mmx, sse, sse2, sse3, ssse3, sse4.1, sse4.2, popcnt, ht, tsc, tscinvbit

Memory: 4k page, physical 8181612k(1211992k free), swap 10121068k(8608k free)

vm_info: Java HotSpot(TM) 64-Bit Server VM (25.111-b14) for windows-amd64 JRE (1.8.0_111-b14), built on Sep 22 2016 19:24:05 by "java_re" with MS VC++ 10.0 (VS2010)

time: Tue Aug 08 10:29:30 2017
elapsed time: 23 seconds (0d 0h 0m 23s)

