#
# There is insufficient memory for the Java Runtime Environment to continue.
# Native memory allocation (malloc) failed to allocate 493696 bytes for Chunk::new
# Possible reasons:
#   The system is out of physical RAM or swap space
#   In 32 bit mode, the process size limit was hit
# Possible solutions:
#   Reduce memory load on the system
#   Increase physical memory or swap space
#   Check if swap backing store is full
#   Use 64 bit Java on a 64 bit OS
#   Decrease Java heap size (-Xmx/-Xms)
#   Decrease number of Java threads
#   Decrease Java thread stack sizes (-Xss)
#   Set larger code cache with -XX:ReservedCodeCacheSize=
# This output file may be truncated or incomplete.
#
#  Out of Memory Error (allocation.cpp:390), pid=14320, tid=0x0000000000003064
#
# JRE version: Java(TM) SE Runtime Environment (8.0_111-b14) (build 1.8.0_111-b14)
# Java VM: Java HotSpot(TM) 64-Bit Server VM (25.111-b14 mixed mode windows-amd64 compressed oops)
# Failed to write core dump. Minidumps are not enabled by default on client versions of Windows
#

---------------  T H R E A D  ---------------

Current thread (0x00000000142be000):  JavaThread "C2 CompilerThread0" daemon [_thread_in_native, id=12388, stack(0x0000000015910000,0x0000000015a10000)]

Stack: [0x0000000015910000,0x0000000015a10000]
[error occurred during error reporting (printing stack bounds), id 0xc0000005]

Native frames: (J=compiled Java code, j=interpreted, Vv=VM code, C=native code)


Current CompileTask:
C2:  22715 2541 %     4       com.android.dx.dex.code.LocalList::make @ 16 (102 bytes)


---------------  P R O C E S S  ---------------

Java Threads: ( => current thread )
  0x0000000015c10800 JavaThread "Service Thread" daemon [_thread_blocked, id=7880, stack(0x0000000016010000,0x0000000016110000)]
  0x000000001431c800 JavaThread "C1 CompilerThread2" daemon [_thread_blocked, id=13168, stack(0x0000000015b10000,0x0000000015c10000)]
  0x0000000014319800 JavaThread "C2 CompilerThread1" daemon [_thread_blocked, id=1032, stack(0x0000000015a10000,0x0000000015b10000)]
=>0x00000000142be000 JavaThread "C2 CompilerThread0" daemon [_thread_in_native, id=12388, stack(0x0000000015910000,0x0000000015a10000)]
  0x00000000142bc000 JavaThread "Attach Listener" daemon [_thread_blocked, id=11384, stack(0x0000000015810000,0x0000000015910000)]
  0x00000000142bb000 JavaThread "Signal Dispatcher" daemon [_thread_blocked, id=11632, stack(0x0000000015710000,0x0000000015810000)]
  0x00000000142aa800 JavaThread "Finalizer" daemon [_thread_blocked, id=12560, stack(0x0000000015520000,0x0000000015620000)]
  0x0000000002f40800 JavaThread "Reference Handler" daemon [_thread_blocked, id=1368, stack(0x0000000015420000,0x0000000015520000)]
  0x0000000002bde800 JavaThread "main" [_thread_in_Java, id=14116, stack(0x0000000002c50000,0x0000000002d50000)]

Other Threads:
  0x0000000014288800 VMThread [stack: 0x0000000015320000,0x0000000015420000] [id=10832]
  0x0000000015c1b800 WatcherThread [stack: 0x0000000016110000,0x0000000016210000] [id=8816]

VM state:not at safepoint (normal execution)

VM Mutex/Monitor currently owned by a thread: None

Heap:
 PSYoungGen      total 147968K, used 114945K [0x00000000f5580000, 0x0000000100000000, 0x0000000100000000)
  eden space 129024K, 74% used [0x00000000f5580000,0x00000000fb347d10,0x00000000fd380000)
  from space 18944K, 99% used [0x00000000fd380000,0x00000000fe5f87b0,0x00000000fe600000)
  to   space 26624K, 0% used [0x00000000fe600000,0x00000000fe600000,0x0000000100000000)
 ParOldGen       total 86016K, used 39936K [0x00000000e0000000, 0x00000000e5400000, 0x00000000f5580000)
  object space 86016K, 46% used [0x00000000e0000000,0x00000000e2700378,0x00000000e5400000)
 Metaspace       used 6963K, capacity 7576K, committed 7680K, reserved 1056768K
  class space    used 662K, capacity 720K, committed 768K, reserved 1048576K

Card table byte_map: [0x0000000012310000,0x0000000012420000] byte_map_base: 0x0000000011c10000

Marking Bits: (ParMarkBitMap*) 0x000000006395a6c0
 Begin Bits: [0x0000000012820000, 0x0000000013020000)
 End Bits:   [0x0000000013020000, 0x0000000013820000)

Polling page: 0x0000000002af0000

CodeCache: size=245760Kb used=10676Kb max_used=10679Kb free=235083Kb
 bounds [0x0000000002f50000, 0x00000000039d0000, 0x0000000011f50000]
 total_blobs=2752 nmethods=2483 adapters=182
 compilation: enabled

Compilation events (10 events):
Event: 22.605 Thread 0x000000001431c800 2547       1       com.android.dx.rop.cst.CstKnownNull::fitsInInt (2 bytes)
Event: 22.605 Thread 0x000000001431c800 nmethod 2547 0x00000000039b7410 code [0x00000000039b7560, 0x00000000039b7670]
Event: 22.605 Thread 0x000000001431c800 2548       1       com.android.dx.rop.cst.CstKnownNull::getIntBits (2 bytes)
Event: 22.605 Thread 0x000000001431c800 nmethod 2548 0x00000000039bc450 code [0x00000000039bc5a0, 0x00000000039bc6b0]
Event: 22.605 Thread 0x000000001431c800 2549       3       com.android.dx.dex.code.CatchHandlerList$Entry::<init> (43 bytes)
Event: 22.606 Thread 0x000000001431c800 nmethod 2549 0x00000000039bbd90 code [0x00000000039bbf20, 0x00000000039bc2d8]
Event: 22.606 Thread 0x000000001431c800 2550       3       com.android.dx.dex.code.CatchHandlerList::set (15 bytes)
Event: 22.607 Thread 0x000000001431c800 nmethod 2550 0x00000000039bad50 code [0x00000000039baf40, 0x00000000039bb7d8]
Event: 22.607 Thread 0x000000001431c800 2551       3       com.android.dx.dex.code.CatchHandlerList$Entry::compareTo (38 bytes)
Event: 22.608 Thread 0x000000001431c800 nmethod 2551 0x00000000039c6150 code [0x00000000039c6320, 0x00000000039c6d98]

GC Heap History (10 events):
Event: 7.287 GC heap before
{Heap before GC invocations=3 (full 0):
 PSYoungGen      total 37888K, used 37873K [0x00000000f5580000, 0x00000000f9f80000, 0x0000000100000000)
  eden space 32768K, 100% used [0x00000000f5580000,0x00000000f7580000,0x00000000f7580000)
  from space 5120K, 99% used [0x00000000f7a80000,0x00000000f7f7c550,0x00000000f7f80000)
  to   space 5120K, 0% used [0x00000000f7580000,0x00000000f7580000,0x00000000f7a80000)
 ParOldGen       total 86016K, used 3854K [0x00000000e0000000, 0x00000000e5400000, 0x00000000f5580000)
  object space 86016K, 4% used [0x00000000e0000000,0x00000000e03c3af8,0x00000000e5400000)
 Metaspace       used 6356K, capacity 7128K, committed 7424K, reserved 1056768K
  class space    used 625K, capacity 656K, committed 768K, reserved 1048576K
Event: 7.338 GC heap after
Heap after GC invocations=3 (full 0):
 PSYoungGen      total 37888K, used 5098K [0x00000000f5580000, 0x00000000f9f80000, 0x0000000100000000)
  eden space 32768K, 0% used [0x00000000f5580000,0x00000000f5580000,0x00000000f7580000)
  from space 5120K, 99% used [0x00000000f7580000,0x00000000f7a7ab30,0x00000000f7a80000)
  to   space 5120K, 0% used [0x00000000f9a80000,0x00000000f9a80000,0x00000000f9f80000)
 ParOldGen       total 86016K, used 9569K [0x00000000e0000000, 0x00000000e5400000, 0x00000000f5580000)
  object space 86016K, 11% used [0x00000000e0000000,0x00000000e09584b8,0x00000000e5400000)
 Metaspace       used 6356K, capacity 7128K, committed 7424K, reserved 1056768K
  class space    used 625K, capacity 656K, committed 768K, reserved 1048576K
}
Event: 7.742 GC heap before
{Heap before GC invocations=4 (full 0):
 PSYoungGen      total 37888K, used 37866K [0x00000000f5580000, 0x00000000f9f80000, 0x0000000100000000)
  eden space 32768K, 100% used [0x00000000f5580000,0x00000000f7580000,0x00000000f7580000)
  from space 5120K, 99% used [0x00000000f7580000,0x00000000f7a7ab30,0x00000000f7a80000)
  to   space 5120K, 0% used [0x00000000f9a80000,0x00000000f9a80000,0x00000000f9f80000)
 ParOldGen       total 86016K, used 9569K [0x00000000e0000000, 0x00000000e5400000, 0x00000000f5580000)
  object space 86016K, 11% used [0x00000000e0000000,0x00000000e09584b8,0x00000000e5400000)
 Metaspace       used 6396K, capacity 7192K, committed 7424K, reserved 1056768K
  class space    used 625K, capacity 656K, committed 768K, reserved 1048576K
Event: 7.793 GC heap after
Heap after GC invocations=4 (full 0):
 PSYoungGen      total 70656K, used 5098K [0x00000000f5580000, 0x00000000f9f80000, 0x0000000100000000)
  eden space 65536K, 0% used [0x00000000f5580000,0x00000000f5580000,0x00000000f9580000)
  from space 5120K, 99% used [0x00000000f9a80000,0x00000000f9f7ab30,0x00000000f9f80000)
  to   space 5120K, 0% used [0x00000000f9580000,0x00000000f9580000,0x00000000f9a80000)
 ParOldGen       total 86016K, used 14938K [0x00000000e0000000, 0x00000000e5400000, 0x00000000f5580000)
  object space 86016K, 17% used [0x00000000e0000000,0x00000000e0e96ad0,0x00000000e5400000)
 Metaspace       used 6396K, capacity 7192K, committed 7424K, reserved 1056768K
  class space    used 625K, capacity 656K, committed 768K, reserved 1048576K
}
Event: 8.879 GC heap before
{Heap before GC invocations=5 (full 0):
 PSYoungGen      total 70656K, used 70634K [0x00000000f5580000, 0x00000000f9f80000, 0x0000000100000000)
  eden space 65536K, 100% used [0x00000000f5580000,0x00000000f9580000,0x00000000f9580000)
  from space 5120K, 99% used [0x00000000f9a80000,0x00000000f9f7ab30,0x00000000f9f80000)
  to   space 5120K, 0% used [0x00000000f9580000,0x00000000f9580000,0x00000000f9a80000)
 ParOldGen       total 86016K, used 14938K [0x00000000e0000000, 0x00000000e5400000, 0x00000000f5580000)
  object space 86016K, 17% used [0x00000000e0000000,0x00000000e0e96ad0,0x00000000e5400000)
 Metaspace       used 6482K, capacity 7192K, committed 7424K, reserved 1056768K
  class space    used 625K, capacity 656K, committed 768K, reserved 1048576K
Event: 8.944 GC heap after
Heap after GC invocations=5 (full 0):
 PSYoungGen      total 70656K, used 5098K [0x00000000f5580000, 0x00000000ff680000, 0x0000000100000000)
  eden space 65536K, 0% used [0x00000000f5580000,0x00000000f5580000,0x00000000f9580000)
  from space 5120K, 99% used [0x00000000f9580000,0x00000000f9a7ab30,0x00000000f9a80000)
  to   space 16896K, 0% used [0x00000000fe600000,0x00000000fe600000,0x00000000ff680000)
 ParOldGen       total 86016K, used 25069K [0x00000000e0000000, 0x00000000e5400000, 0x00000000f5580000)
  object space 86016K, 29% used [0x00000000e0000000,0x00000000e187b5c8,0x00000000e5400000)
 Metaspace       used 6482K, capacity 7192K, committed 7424K, reserved 1056768K
  class space    used 625K, capacity 656K, committed 768K, reserved 1048576K
}
Event: 9.774 GC heap before
{Heap before GC invocations=6 (full 0):
 PSYoungGen      total 70656K, used 70634K [0x00000000f5580000, 0x00000000ff680000, 0x0000000100000000)
  eden space 65536K, 100% used [0x00000000f5580000,0x00000000f9580000,0x00000000f9580000)
  from space 5120K, 99% used [0x00000000f9580000,0x00000000f9a7ab30,0x00000000f9a80000)
  to   space 16896K, 0% used [0x00000000fe600000,0x00000000fe600000,0x00000000ff680000)
 ParOldGen       total 86016K, used 25069K [0x00000000e0000000, 0x00000000e5400000, 0x00000000f5580000)
  object space 86016K, 29% used [0x00000000e0000000,0x00000000e187b5c8,0x00000000e5400000)
 Metaspace       used 6522K, capacity 7256K, committed 7424K, reserved 1056768K
  class space    used 625K, capacity 656K, committed 768K, reserved 1048576K
Event: 9.855 GC heap after
Heap after GC invocations=6 (full 0):
 PSYoungGen      total 145920K, used 15726K [0x00000000f5580000, 0x00000000ffa80000, 0x0000000100000000)
  eden space 129024K, 0% used [0x00000000f5580000,0x00000000f5580000,0x00000000fd380000)
  from space 16896K, 93% used [0x00000000fe600000,0x00000000ff55bb58,0x00000000ff680000)
  to   space 18944K, 0% used [0x00000000fd380000,0x00000000fd380000,0x00000000fe600000)
 ParOldGen       total 86016K, used 25069K [0x00000000e0000000, 0x00000000e5400000, 0x00000000f5580000)
  object space 86016K, 29% used [0x00000000e0000000,0x00000000e187b5c8,0x00000000e5400000)
 Metaspace       used 6522K, capacity 7256K, committed 7424K, reserved 1056768K
  class space    used 625K, capacity 656K, committed 768K, reserved 1048576K
}
Event: 12.022 GC heap before
{Heap before GC invocations=7 (full 0):
 PSYoungGen      total 145920K, used 144750K [0x00000000f5580000, 0x00000000ffa80000, 0x0000000100000000)
  eden space 129024K, 100% used [0x00000000f5580000,0x00000000fd380000,0x00000000fd380000)
  from space 16896K, 93% used [0x00000000fe600000,0x00000000ff55bb58,0x00000000ff680000)
  to   space 18944K, 0% used [0x00000000fd380000,0x00000000fd380000,0x00000000fe600000)
 ParOldGen       total 86016K, used 25069K [0x00000000e0000000, 0x00000000e5400000, 0x00000000f5580000)
  object space 86016K, 29% used [0x00000000e0000000,0x00000000e187b5c8,0x00000000e5400000)
 Metaspace       used 6566K, capacity 7256K, committed 7424K, reserved 1056768K
  class space    used 625K, capacity 656K, committed 768K, reserved 1048576K
Event: 12.214 GC heap after
Heap after GC invocations=7 (full 0):
 PSYoungGen      total 147968K, used 18913K [0x00000000f5580000, 0x0000000100000000, 0x0000000100000000)
  eden space 129024K, 0% used [0x00000000f5580000,0x00000000f5580000,0x00000000fd380000)
  from space 18944K, 99% used [0x00000000fd380000,0x00000000fe5f87b0,0x00000000fe600000)
  to   space 26624K, 0% used [0x00000000fe600000,0x00000000fe600000,0x0000000100000000)
 ParOldGen       total 86016K, used 39936K [0x00000000e0000000, 0x00000000e5400000, 0x00000000f5580000)
  object space 86016K, 46% used [0x00000000e0000000,0x00000000e2700378,0x00000000e5400000)
 Metaspace       used 6566K, capacity 7256K, committed 7424K, reserved 1056768K
  class space    used 625K, capacity 656K, committed 768K, reserved 1048576K
}

Deoptimization events (10 events):
Event: 15.672 Thread 0x0000000002bde800 Uncommon trap: reason=class_check action=maybe_recompile pc=0x0000000003427808 method=java.util.Arrays.hashCode([Ljava/lang/Object;)I @ 43
Event: 15.672 Thread 0x0000000002bde800 Uncommon trap: reason=class_check action=maybe_recompile pc=0x0000000003424834 method=java.util.Arrays.hashCode([Ljava/lang/Object;)I @ 43
Event: 16.349 Thread 0x0000000002bde800 Uncommon trap: reason=class_check action=maybe_recompile pc=0x00000000033bdc88 method=java.util.HashMap.putVal(ILjava/lang/Object;Ljava/lang/Object;ZZ)Ljava/lang/Object; @ 203
Event: 18.385 Thread 0x0000000002bde800 Uncommon trap: reason=unstable_if action=reinterpret pc=0x00000000038a79d4 method=java.util.HashMap.putVal(ILjava/lang/Object;Ljava/lang/Object;ZZ)Ljava/lang/Object; @ 206
Event: 21.480 Thread 0x0000000002bde800 Uncommon trap: reason=class_check action=maybe_recompile pc=0x00000000032e1e14 method=java.util.Arrays.equals([Ljava/lang/Object;[Ljava/lang/Object;)Z @ 62
Event: 21.480 Thread 0x0000000002bde800 Uncommon trap: reason=class_check action=maybe_recompile pc=0x00000000032e1e14 method=java.util.Arrays.equals([Ljava/lang/Object;[Ljava/lang/Object;)Z @ 62
Event: 21.480 Thread 0x0000000002bde800 Uncommon trap: reason=unstable_if action=reinterpret pc=0x00000000032e1dec method=java.util.Arrays.equals([Ljava/lang/Object;[Ljava/lang/Object;)Z @ 23
Event: 21.481 Thread 0x0000000002bde800 Uncommon trap: reason=unstable_if action=reinterpret pc=0x0000000003759828 method=java.util.TreeMap.put(Ljava/lang/Object;Ljava/lang/Object;)Ljava/lang/Object; @ 163
Event: 21.755 Thread 0x0000000002bde800 Uncommon trap: reason=unstable_if action=reinterpret pc=0x000000000393a7c0 method=com.android.dx.dex.code.OutputFinisher.findOpcodeForInsn(Lcom/android/dx/dex/code/DalvInsn;Lcom/android/dx/dex/code/Dop;)Lcom/android/dx/dex/code/Dop; @ 1
Event: 22.020 Thread 0x0000000002bde800 Uncommon trap: reason=unstable_if action=reinterpret pc=0x0000000003969228 method=com.android.dx.rop.code.RegisterSpec.matchesVariable(Lcom/android/dx/rop/code/RegisterSpec;)Z @ 59

Internal exceptions (7 events):
Event: 1.426 Thread 0x0000000002bde800 Exception <a 'java/lang/NoSuchMethodError': Method sun.misc.Unsafe.defineClass(Ljava/lang/String;[BII)Ljava/lang/Class; name or signature does not match> (0x00000000f5587c78) thrown at [C:\re\workspace\8-2-build-windows-amd64-cygwin\jdk8u111\7883\hotspot\
Event: 1.426 Thread 0x0000000002bde800 Exception <a 'java/lang/NoSuchMethodError': Method sun.misc.Unsafe.prefetchRead(Ljava/lang/Object;J)V name or signature does not match> (0x00000000f5587f60) thrown at [C:\re\workspace\8-2-build-windows-amd64-cygwin\jdk8u111\7883\hotspot\src\share\vm\prims
Event: 5.926 Thread 0x0000000015e98000 Implicit null exception at 0x00000000032b81a2 to 0x00000000032b82a1
Event: 8.777 Thread 0x0000000002bde800 Implicit null exception at 0x00000000036725e6 to 0x0000000003673bed
Event: 13.371 Thread 0x0000000015e90000 Exception <a 'java/lang/ArrayIndexOutOfBoundsException': 18> (0x00000000f70106e0) thrown at [C:\re\workspace\8-2-build-windows-amd64-cygwin\jdk8u111\7883\hotspot\src\share\vm\interpreter\interpreterRuntime.cpp, line 366]
Event: 13.372 Thread 0x0000000015e90000 Exception <a 'java/lang/ArrayIndexOutOfBoundsException'> (0x00000000f7012260) thrown at [C:\re\workspace\8-2-build-windows-amd64-cygwin\jdk8u111\7883\hotspot\src\share\vm\runtime\sharedRuntime.cpp, line 605]
Event: 13.381 Thread 0x0000000015e90000 Exception <a 'java/lang/ArrayIndexOutOfBoundsException'> (0x00000000f7013548) thrown at [C:\re\workspace\8-2-build-windows-amd64-cygwin\jdk8u111\7883\hotspot\src\share\vm\runtime\sharedRuntime.cpp, line 605]

Events (10 events):
Event: 22.466 Thread 0x0000000002bde800 DEOPT PACKING pc=0x0000000003946b9e sp=0x0000000002d4ef20
Event: 22.466 Thread 0x0000000002bde800 DEOPT UNPACKING pc=0x0000000002f9747f sp=0x0000000002d4ec78 mode 0
Event: 22.499 Thread 0x0000000002bde800 DEOPT PACKING pc=0x00000000039401d5 sp=0x0000000002d4f0e0
Event: 22.499 Thread 0x0000000002bde800 DEOPT UNPACKING pc=0x0000000002f9747f sp=0x0000000002d4ee50 mode 0
Event: 22.520 Thread 0x0000000002bde800 DEOPT PACKING pc=0x0000000003945a1b sp=0x0000000002d4f000
Event: 22.520 Thread 0x0000000002bde800 DEOPT UNPACKING pc=0x0000000002f9747f sp=0x0000000002d4ed80 mode 0
Event: 22.547 Thread 0x0000000002bde800 DEOPT PACKING pc=0x000000000394eec2 sp=0x0000000002d4efc0
Event: 22.547 Thread 0x0000000002bde800 DEOPT UNPACKING pc=0x0000000002f9747f sp=0x0000000002d4ed78 mode 0
Event: 22.569 Thread 0x0000000002bde800 DEOPT PACKING pc=0x000000000394817b sp=0x0000000002d4eff0
Event: 22.569 Thread 0x0000000002bde800 DEOPT UNPACKING pc=0x0000000002f9747f sp=0x0000000002d4ed68 mode 0


Dynamic libraries:
0x00007ff7fcfa0000 - 0x00007ff7fcfd7000 	C:\Program Files\Java\jdk1.8.0_111\bin\java.exe
0x00007ffa9c530000 - 0x00007ffa9c70b000 	C:\WINDOWS\SYSTEM32\ntdll.dll
0x00007ffa9a6b0000 - 0x00007ffa9a75e000 	C:\WINDOWS\System32\KERNEL32.DLL
0x00007ffa98f90000 - 0x00007ffa991d9000 	C:\WINDOWS\System32\KERNELBASE.dll
0x00007ffa9a760000 - 0x00007ffa9a801000 	C:\WINDOWS\System32\ADVAPI32.dll
0x00007ffa9aa00000 - 0x00007ffa9aa9d000 	C:\WINDOWS\System32\msvcrt.dll
0x00007ffa9a1b0000 - 0x00007ffa9a209000 	C:\WINDOWS\System32\sechost.dll
0x00007ffa9a8d0000 - 0x00007ffa9a9f5000 	C:\WINDOWS\System32\RPCRT4.dll
0x00007ffa9a4c0000 - 0x00007ffa9a60a000 	C:\WINDOWS\System32\USER32.dll
0x00007ffa98ce0000 - 0x00007ffa98cfe000 	C:\WINDOWS\System32\win32u.dll
0x00007ffa9a810000 - 0x00007ffa9a837000 	C:\WINDOWS\System32\GDI32.dll
0x00007ffa98d60000 - 0x00007ffa98ee8000 	C:\WINDOWS\System32\gdi32full.dll
0x00007ffa98ef0000 - 0x00007ffa98f8a000 	C:\WINDOWS\System32\msvcp_win.dll
0x00007ffa99990000 - 0x00007ffa99a86000 	C:\WINDOWS\System32\ucrtbase.dll
0x00007ffa8e310000 - 0x00007ffa8e577000 	C:\WINDOWS\WinSxS\amd64_microsoft.windows.common-controls_6595b64144ccf1df_6.0.15063.483_none_26002d27e7c744a2\COMCTL32.dll
0x00007ffa9aaa0000 - 0x00007ffa9ad99000 	C:\WINDOWS\System32\combase.dll
0x00007ffa98c70000 - 0x00007ffa98cda000 	C:\WINDOWS\System32\bcryptPrimitives.dll
0x00007ffa99a90000 - 0x00007ffa99abd000 	C:\WINDOWS\System32\IMM32.DLL
0x00000000639e0000 - 0x0000000063ab2000 	C:\Program Files\Java\jdk1.8.0_111\jre\bin\msvcr100.dll
0x0000000063140000 - 0x00000000639da000 	C:\Program Files\Java\jdk1.8.0_111\jre\bin\server\jvm.dll
0x00007ffa9a840000 - 0x00007ffa9a848000 	C:\WINDOWS\System32\PSAPI.DLL
0x00007ffa8bd90000 - 0x00007ffa8bd99000 	C:\WINDOWS\SYSTEM32\WSOCK32.dll
0x00007ffa9a070000 - 0x00007ffa9a0dc000 	C:\WINDOWS\System32\WS2_32.dll
0x00007ffa8ebd0000 - 0x00007ffa8ebf3000 	C:\WINDOWS\SYSTEM32\WINMM.dll
0x00007ffa8ebc0000 - 0x00007ffa8ebca000 	C:\WINDOWS\SYSTEM32\VERSION.dll
0x00007ffa8eb70000 - 0x00007ffa8eb9b000 	C:\WINDOWS\SYSTEM32\WINMMBASE.dll
0x00007ffa98c20000 - 0x00007ffa98c69000 	C:\WINDOWS\System32\cfgmgr32.dll
0x0000000063130000 - 0x000000006313f000 	C:\Program Files\Java\jdk1.8.0_111\jre\bin\verify.dll
0x0000000063100000 - 0x0000000063129000 	C:\Program Files\Java\jdk1.8.0_111\jre\bin\java.dll
0x00000000630e0000 - 0x00000000630f6000 	C:\Program Files\Java\jdk1.8.0_111\jre\bin\zip.dll
0x00007ffa9ae00000 - 0x00007ffa9c237000 	C:\WINDOWS\System32\SHELL32.dll
0x00007ffa9a410000 - 0x00007ffa9a4ba000 	C:\WINDOWS\System32\shcore.dll
0x00007ffa99290000 - 0x00007ffa99983000 	C:\WINDOWS\System32\windows.storage.dll
0x00007ffa99ac0000 - 0x00007ffa99b11000 	C:\WINDOWS\System32\shlwapi.dll
0x00007ffa989a0000 - 0x00007ffa989b1000 	C:\WINDOWS\System32\kernel.appcore.dll
0x00007ffa989e0000 - 0x00007ffa98a2c000 	C:\WINDOWS\System32\powrprof.dll
0x00007ffa989c0000 - 0x00007ffa989d5000 	C:\WINDOWS\System32\profapi.dll

VM Arguments:
jvm_args: -Djava.awt.headless=true -Xmx1024M -Dfile.encoding=windows-1252 -Duser.country=US -Duser.language=en -Duser.variant -Xmx512M 
java_command: com.android.dx.command.Main --dex --num-threads=4 --output G:\projetEvaluation\codepath-android-project-4-extended-twitter-client-master\app\build\intermediates\pre-dexed\debug\classes_d6cd50bcf6d0b93c5c223b5ce02ef7319d5b605b.jar C:\Users\domin\.android\build-cache\929ffbd5732f55f885e65b9bad1d42c06c8d0700\output\jars\classes.jar
java_class_path (initial): C:\Users\domin\AppData\Local\Android\sdk\build-tools\25.0.0\lib\dx.jar
Launcher Type: SUN_STANDARD

Environment Variables:
_JAVA_OPTIONS=-Xmx512M
CLASSPATH=.;C:\Program Files (x86)\QuickTime\QTSystem\QTJava.zip
PATH=C:\ProgramData\Oracle\Java\javapath;C:\WINDOWS\system32;C:\WINDOWS;C:\WINDOWS\System32\Wbem;C:\WINDOWS\System32\WindowsPowerShell\v1.0\;C:\Program Files (x86)\QuickTime\QTSystem\;C:\Program Files (x86)\Windows Kits\8.1\Windows Performance Toolkit\;C:\Program Files\Microsoft SQL Server\110\Tools\Binn\;C:\Program Files\Microsoft SQL Server\120\DTS\Binn\;C:\Program Files\Microsoft SQL Server\Client SDK\ODBC\110\Tools\Binn\;C:\Program Files (x86)\Microsoft SQL Server\120\Tools\Binn\;C:\Program Files\Microsoft SQL Server\120\Tools\Binn\;C:\Program Files (x86)\Microsoft SQL Server\120\Tools\Binn\ManagementStudio\;C:\Program Files (x86)\Microsoft SQL Server\120\DTS\Binn\;C:\android-sdk-windows\;C:\Program Files (x86)\Skype\Phone\;C:\Program Files (x86)\Calibre2\;C:\Program Files (x86)\Windows Live\Shared;C:\Program Files (x86)\GtkSharp\2.12\bin;C:\Program Files\Git\cmd;C:\Users\domin\AppData\Local\Microsoft\WindowsApps;
USERNAME=domin
OS=Windows_NT
PROCESSOR_IDENTIFIER=Intel64 Family 6 Model 37 Stepping 5, GenuineIntel



---------------  S Y S T E M  ---------------

OS: Windows 10.0 , 64 bit Build 15063 (10.0.15063.296)

CPU:total 4 (2 cores per cpu, 2 threads per core) family 6 model 37 stepping 5, cmov, cx8, fxsr, mmx, sse, sse2, sse3, ssse3, sse4.1, sse4.2, popcnt, ht, tsc, tscinvbit

Memory: 4k page, physical 8181612k(1211992k free), swap 10121068k(8608k free)

vm_info: Java HotSpot(TM) 64-Bit Server VM (25.111-b14) for windows-amd64 JRE (1.8.0_111-b14), built on Sep 22 2016 19:24:05 by "java_re" with MS VC++ 10.0 (VS2010)

time: Tue Aug 08 10:29:30 2017
elapsed time: 22 seconds (0d 0h 0m 22s)

