#
# There is insufficient memory for the Java Runtime Environment to continue.
# Native memory allocation (malloc) failed to allocate 1048576 bytes for AllocateHeap
# Possible reasons:
#   The system is out of physical RAM or swap space
#   In 32 bit mode, the process size limit was hit
# Possible solutions:
#   Reduce memory load on the system
#   Increase physical memory or swap space
#   Check if swap backing store is full
#   Use 64 bit Java on a 64 bit OS
#   Decrease Java heap size (-Xmx/-Xms)
#   Decrease number of Java threads
#   Decrease Java thread stack sizes (-Xss)
#   Set larger code cache with -XX:ReservedCodeCacheSize=
# This output file may be truncated or incomplete.
#
#  Out of Memory Error (memory/allocation.inline.hpp:61), pid=4684, tid=0x00000000000049d8
#
# JRE version:  (8.0_111-b14) (build )
# Java VM: Java HotSpot(TM) 64-Bit Server VM (25.111-b14 mixed mode windows-amd64 compressed oops)
# Failed to write core dump. Minidumps are not enabled by default on client versions of Windows
#

---------------  T H R E A D  ---------------

Current thread (0x00000000029ce800):  JavaThread "Unknown thread" [_thread_in_vm, id=18904, stack(0x0000000002830000,0x0000000002930000)]

Stack: [0x0000000002830000,0x0000000002930000]
[error occurred during error reporting (printing stack bounds), id 0xc0000005]

Native frames: (J=compiled Java code, j=interpreted, Vv=VM code, C=native code)


---------------  P R O C E S S  ---------------

Java Threads: ( => current thread )

Other Threads:

=>0x00000000029ce800 (exited) JavaThread "Unknown thread" [_thread_in_vm, id=18904, stack(0x0000000002830000,0x0000000002930000)]

VM state:not at safepoint (normal execution)

VM Mutex/Monitor currently owned by a thread: None

Heap:
 PSYoungGen      total 37888K, used 655K [0x00000000f5580000, 0x00000000f7f80000, 0x0000000100000000)
  eden space 32768K, 2% used [0x00000000f5580000,0x00000000f5623d80,0x00000000f7580000)
  from space 5120K, 0% used [0x00000000f7a80000,0x00000000f7a80000,0x00000000f7f80000)
  to   space 5120K, 0% used [0x00000000f7580000,0x00000000f7580000,0x00000000f7a80000)
 ParOldGen       total 86016K, used 0K [0x00000000e0000000, 0x00000000e5400000, 0x00000000f5580000)
  object space 86016K, 0% used [0x00000000e0000000,0x00000000e0000000,0x00000000e5400000)
 Metaspace       used 783K, capacity 1092K, committed 1152K, reserved 1060864K
  class space    used 75K, capacity 384K, committed 384K, reserved 1048576K

Card table byte_map: [0x0000000011f90000,0x00000000120a0000] byte_map_base: 0x0000000011890000

Marking Bits: (ParMarkBitMap*) 0x0000000065e6a6c0
 Begin Bits: [0x0000000012550000, 0x0000000012d50000)
 End Bits:   [0x0000000012d50000, 0x0000000013550000)

Polling page: 0x0000000000e10000

CodeCache: size=245760Kb used=327Kb max_used=327Kb free=245432Kb
 bounds [0x0000000002bd0000, 0x0000000002e40000, 0x0000000011bd0000]
 total_blobs=57 nmethods=0 adapters=38
 compilation: enabled

Compilation events (0 events):
No events

GC Heap History (0 events):
No events

Deoptimization events (0 events):
No events

Internal exceptions (0 events):
No events

Events (10 events):
Event: 0.068 loading class java/lang/Short
Event: 0.068 loading class java/lang/Short done
Event: 0.068 loading class java/lang/Integer
Event: 0.068 loading class java/lang/Integer done
Event: 0.068 loading class java/lang/Long
Event: 0.068 loading class java/lang/Long done
Event: 0.069 loading class java/lang/NullPointerException
Event: 0.070 loading class java/lang/NullPointerException done
Event: 0.070 loading class java/lang/ArithmeticException
Event: 0.070 loading class java/lang/ArithmeticException done


Dynamic libraries:
0x00007ff796fd0000 - 0x00007ff797007000 	C:\Program Files\Java\jdk1.8.0_111\bin\java.exe
0x00007ffcde3e0000 - 0x00007ffcde5bb000 	C:\WINDOWS\SYSTEM32\ntdll.dll
0x00007ffcddb60000 - 0x00007ffcddc0e000 	C:\WINDOWS\System32\KERNEL32.DLL
0x00007ffcda900000 - 0x00007ffcdab49000 	C:\WINDOWS\System32\KERNELBASE.dll
0x00007ffcdda30000 - 0x00007ffcddad1000 	C:\WINDOWS\System32\ADVAPI32.dll
0x00007ffcddd40000 - 0x00007ffcddddd000 	C:\WINDOWS\System32\msvcrt.dll
0x00007ffcdd110000 - 0x00007ffcdd169000 	C:\WINDOWS\System32\sechost.dll
0x00007ffcddc10000 - 0x00007ffcddd35000 	C:\WINDOWS\System32\RPCRT4.dll
0x00007ffcdd170000 - 0x00007ffcdd2ba000 	C:\WINDOWS\System32\USER32.dll
0x00007ffcdab50000 - 0x00007ffcdab6e000 	C:\WINDOWS\System32\win32u.dll
0x00007ffcdd5c0000 - 0x00007ffcdd5e7000 	C:\WINDOWS\System32\GDI32.dll
0x00007ffcdae60000 - 0x00007ffcdafe8000 	C:\WINDOWS\System32\gdi32full.dll
0x00007ffcdb6f0000 - 0x00007ffcdb78a000 	C:\WINDOWS\System32\msvcp_win.dll
0x00007ffcdb7f0000 - 0x00007ffcdb8e6000 	C:\WINDOWS\System32\ucrtbase.dll
0x00007ffcd0940000 - 0x00007ffcd0ba7000 	C:\WINDOWS\WinSxS\amd64_microsoft.windows.common-controls_6595b64144ccf1df_6.0.15063.483_none_26002d27e7c744a2\COMCTL32.dll
0x00007ffcdce10000 - 0x00007ffcdd109000 	C:\WINDOWS\System32\combase.dll
0x00007ffcdadf0000 - 0x00007ffcdae5a000 	C:\WINDOWS\System32\bcryptPrimitives.dll
0x00007ffcddde0000 - 0x00007ffcdde0d000 	C:\WINDOWS\System32\IMM32.DLL
0x0000000065ef0000 - 0x0000000065fc2000 	C:\Program Files\Java\jdk1.8.0_111\jre\bin\msvcr100.dll
0x0000000065650000 - 0x0000000065eea000 	C:\Program Files\Java\jdk1.8.0_111\jre\bin\server\jvm.dll
0x00007ffcdcd90000 - 0x00007ffcdcd98000 	C:\WINDOWS\System32\PSAPI.DLL
0x00007ffcca760000 - 0x00007ffcca769000 	C:\WINDOWS\SYSTEM32\WSOCK32.dll
0x00007ffcdcda0000 - 0x00007ffcdce0c000 	C:\WINDOWS\System32\WS2_32.dll
0x00007ffcd89a0000 - 0x00007ffcd89c3000 	C:\WINDOWS\SYSTEM32\WINMM.dll
0x00007ffccb940000 - 0x00007ffccb94a000 	C:\WINDOWS\SYSTEM32\VERSION.dll
0x00007ffcd8940000 - 0x00007ffcd896b000 	C:\WINDOWS\SYSTEM32\WINMMBASE.dll
0x00007ffcdb8f0000 - 0x00007ffcdb939000 	C:\WINDOWS\System32\cfgmgr32.dll
0x0000000065640000 - 0x000000006564f000 	C:\Program Files\Java\jdk1.8.0_111\jre\bin\verify.dll
0x0000000065610000 - 0x0000000065639000 	C:\Program Files\Java\jdk1.8.0_111\jre\bin\java.dll
0x00000000655f0000 - 0x0000000065606000 	C:\Program Files\Java\jdk1.8.0_111\jre\bin\zip.dll

VM Arguments:
jvm_args: -Djava.awt.headless=true -Xmx1024M -Dfile.encoding=windows-1252 -Duser.country=US -Duser.language=en -Duser.variant -Xmx512M 
java_command: com.android.dx.command.Main --dex --num-threads=4 --output G:\projetEvaluation\codepath-android-project-4-extended-twitter-client-master\app\build\intermediates\pre-dexed\debug\classes_110eefaa239a1cd47b397cb7298ad8ba8723694a.jar C:\Users\domin\.android\build-cache\2691c85cb44d3c9e250ae6b3bc51bd9e1d4ff38a\output\jars\classes.jar
java_class_path (initial): C:\Users\domin\AppData\Local\Android\sdk\build-tools\25.0.0\lib\dx.jar
Launcher Type: SUN_STANDARD

Environment Variables:
_JAVA_OPTIONS=-Xmx512M
CLASSPATH=.;C:\Program Files (x86)\QuickTime\QTSystem\QTJava.zip
PATH=C:\ProgramData\Oracle\Java\javapath;C:\WINDOWS\system32;C:\WINDOWS;C:\WINDOWS\System32\Wbem;C:\WINDOWS\System32\WindowsPowerShell\v1.0\;C:\Program Files (x86)\QuickTime\QTSystem\;C:\Program Files (x86)\Windows Kits\8.1\Windows Performance Toolkit\;C:\Program Files\Microsoft SQL Server\110\Tools\Binn\;C:\Program Files\Microsoft SQL Server\120\DTS\Binn\;C:\Program Files\Microsoft SQL Server\Client SDK\ODBC\110\Tools\Binn\;C:\Program Files (x86)\Microsoft SQL Server\120\Tools\Binn\;C:\Program Files\Microsoft SQL Server\120\Tools\Binn\;C:\Program Files (x86)\Microsoft SQL Server\120\Tools\Binn\ManagementStudio\;C:\Program Files (x86)\Microsoft SQL Server\120\DTS\Binn\;C:\android-sdk-windows\;C:\Program Files (x86)\Skype\Phone\;C:\Program Files (x86)\Calibre2\;C:\Program Files (x86)\Windows Live\Shared;C:\Program Files (x86)\GtkSharp\2.12\bin;C:\Program Files\Git\cmd;C:\Users\domin\AppData\Local\Microsoft\WindowsApps;
USERNAME=domin
OS=Windows_NT
PROCESSOR_IDENTIFIER=Intel64 Family 6 Model 37 Stepping 5, GenuineIntel



---------------  S Y S T E M  ---------------

OS: Windows 10.0 , 64 bit Build 15063 (10.0.15063.296)

CPU:total 4 (2 cores per cpu, 2 threads per core) family 6 model 37 stepping 5, cmov, cx8, fxsr, mmx, sse, sse2, sse3, ssse3, sse4.1, sse4.2, popcnt, ht, tsc, tscinvbit

Memory: 4k page, physical 8181612k(957296k free), swap 10121068k(6668k free)

vm_info: Java HotSpot(TM) 64-Bit Server VM (25.111-b14) for windows-amd64 JRE (1.8.0_111-b14), built on Sep 22 2016 19:24:05 by "java_re" with MS VC++ 10.0 (VS2010)

time: Mon Aug 07 23:24:36 2017
elapsed time: 0 seconds (0d 0h 0m 0s)

